\BOOKMARK [0][-]{Doc-Start}{\376\377\000C\000o\000m\000m\000i\000t\000t\000e\000e\000\040\000A\000p\000p\000r\000o\000v\000a\000l}{}% 1
\BOOKMARK [0][-]{chapter*.1}{\376\377\000A\000c\000k\000n\000o\000w\000l\000e\000d\000g\000e\000m\000e\000n\000t\000s}{}% 2
\BOOKMARK [0][-]{chapter*.1}{\376\377\116\055\145\207\144\130\211\201}{}% 3
\BOOKMARK [0][-]{chapter*.2}{\376\377\000A\000b\000s\000t\000r\000a\000c\000t}{}% 4
\BOOKMARK [0][-]{chapter*.3}{\376\377\000C\000o\000n\000t\000e\000n\000t\000s}{}% 5
\BOOKMARK [0][-]{chapter*.4}{\376\377\000L\000i\000s\000t\000\040\000o\000f\000\040\000F\000i\000g\000u\000r\000e\000s}{}% 6
\BOOKMARK [0][-]{chapter*.5}{\376\377\000L\000i\000s\000t\000\040\000o\000f\000\040\000T\000a\000b\000l\000e\000s}{}% 7
\BOOKMARK [0][-]{chapter.6}{\376\377\000I\000n\000t\000r\000o\000d\000u\000c\000t\000i\000o\000n}{}% 8
\BOOKMARK [1][-]{section.7}{\376\377\000M\000o\000t\000i\000v\000a\000t\000i\000o\000n}{chapter.6}% 9
\BOOKMARK [1][-]{section.10}{\376\377\000C\000h\000a\000l\000l\000e\000n\000g\000e\000s}{chapter.6}% 10
\BOOKMARK [0][-]{chapter.11}{\376\377\000D\000e\000t\000e\000c\000t\000o\000r}{}% 11
\BOOKMARK [1][-]{section.12}{\376\377\000T\000h\000e\000\040\000L\000a\000r\000g\000e\000\040\000H\000a\000d\000r\000o\000n\000\040\000C\000o\000l\000l\000i\000d\000e\000r\000\040\000\050\000L\000H\000C\000\051}{chapter.11}% 12
\BOOKMARK [2][-]{subsection.14}{\376\377\000K\000e\000y\000\040\000C\000o\000m\000p\000o\000n\000e\000n\000t\000s\000\040\000o\000f\000\040\000t\000h\000e\000\040\000L\000H\000C}{section.12}% 13
\BOOKMARK [2][-]{subsection.20}{\376\377\000T\000e\000c\000h\000n\000o\000l\000o\000g\000i\000c\000a\000l\000\040\000C\000h\000a\000l\000l\000e\000n\000g\000e\000s}{section.12}% 14
\BOOKMARK [1][-]{section.21}{\376\377\000T\000h\000e\000\040\000C\000o\000m\000p\000a\000c\000t\000\040\000M\000u\000o\000n\000\040\000S\000o\000l\000e\000n\000o\000i\000d\000\040\000\050\000C\000M\000S\000\051}{chapter.11}% 15
\BOOKMARK [1][-]{section.24}{\376\377\000S\000i\000l\000i\000c\000o\000n\000\040\000T\000r\000a\000c\000k\000e\000r}{chapter.11}% 16
\BOOKMARK [2][-]{subsection.25}{\376\377\000S\000i\000l\000i\000c\000o\000n\000\040\000P\000i\000x\000e\000l\000\040\000D\000e\000t\000e\000c\000t\000o\000r}{section.24}% 17
\BOOKMARK [2][-]{subsection.26}{\376\377\000S\000i\000l\000i\000c\000o\000n\000\040\000S\000t\000r\000i\000p\000\040\000T\000r\000a\000c\000k\000e\000r}{section.24}% 18
\BOOKMARK [2][-]{subsection.27}{\376\377\000M\000a\000t\000e\000r\000i\000a\000l\000\040\000C\000h\000o\000i\000c\000e\000s\000\040\000a\000n\000d\000\040\000P\000e\000r\000f\000o\000r\000m\000a\000n\000c\000e}{section.24}% 19
\BOOKMARK [1][-]{section.28}{\376\377\000E\000l\000e\000c\000t\000r\000o\000m\000a\000g\000n\000e\000t\000i\000c\000\040\000C\000a\000l\000o\000r\000i\000m\000e\000t\000e\000r\000\040\000\050\000E\000C\000A\000L\000\051}{chapter.11}% 20
\BOOKMARK [2][-]{subsection.29}{\376\377\000T\000h\000e\000\040\000E\000C\000A\000L\000\040\000B\000a\000r\000r\000e\000l\000\040\000\050\000E\000B\000\051}{section.28}% 21
\BOOKMARK [2][-]{subsection.30}{\376\377\000T\000h\000e\000\040\000E\000C\000A\000L\000\040\000E\000n\000d\000c\000a\000p\000\040\000\050\000E\000E\000\051}{section.28}% 22
\BOOKMARK [2][-]{subsection.31}{\376\377\000T\000h\000e\000\040\000P\000r\000e\000s\000h\000o\000w\000e\000r\000\040\000D\000e\000t\000e\000c\000t\000o\000r}{section.28}% 23
\BOOKMARK [2][-]{subsection.33}{\376\377\000M\000a\000t\000e\000r\000i\000a\000l\000\040\000C\000h\000o\000i\000c\000e\000s\000\040\000a\000n\000d\000\040\000P\000e\000r\000f\000o\000r\000m\000a\000n\000c\000e}{section.28}% 24
\BOOKMARK [1][-]{section.34}{\376\377\000H\000a\000d\000r\000o\000n\000i\000c\000\040\000C\000a\000l\000o\000r\000i\000m\000e\000t\000e\000r\000\040\000\050\000H\000C\000A\000L\000\051}{chapter.11}% 25
\BOOKMARK [2][-]{subsection.35}{\376\377\000T\000h\000e\000\040\000H\000C\000A\000L\000\040\000B\000a\000r\000r\000e\000l\000\040\000\050\000H\000B\000\051}{section.34}% 26
\BOOKMARK [2][-]{subsection.36}{\376\377\000T\000h\000e\000\040\000H\000C\000A\000L\000\040\000E\000n\000d\000c\000a\000p\000\040\000\050\000H\000E\000\051}{section.34}% 27
\BOOKMARK [2][-]{subsection.37}{\376\377\000T\000h\000e\000\040\000H\000C\000A\000L\000\040\000F\000o\000r\000w\000a\000r\000d\000\040\000\050\000H\000F\000\051}{section.34}% 28
\BOOKMARK [2][-]{subsection.38}{\376\377\000T\000h\000e\000\040\000H\000C\000A\000L\000\040\000O\000u\000t\000e\000r\000\040\000\050\000H\000O\000\051}{section.34}% 29
\BOOKMARK [2][-]{subsection.39}{\376\377\000M\000a\000t\000e\000r\000i\000a\000l\000\040\000C\000h\000o\000i\000c\000e\000s\000\040\000a\000n\000d\000\040\000T\000h\000e\000i\000r\000\040\000I\000m\000p\000a\000c\000t}{section.34}% 30
\BOOKMARK [2][-]{subsection.41}{\376\377\000P\000e\000r\000f\000o\000r\000m\000a\000n\000c\000e}{section.34}% 31
\BOOKMARK [1][-]{section.42}{\376\377\000M\000u\000o\000n\000\040\000D\000e\000t\000e\000c\000t\000o\000r}{chapter.11}% 32
\BOOKMARK [2][-]{subsection.43}{\376\377\000M\000u\000o\000n\000\040\000C\000h\000a\000m\000b\000e\000r\000s\000:\000\040\000D\000r\000i\000f\000t\000\040\000T\000u\000b\000e\000s\000\040\000\050\000D\000T\000\051}{section.42}% 33
\BOOKMARK [2][-]{subsection.44}{\376\377\000M\000u\000o\000n\000\040\000C\000h\000a\000m\000b\000e\000r\000s\000:\000\040\000C\000a\000t\000h\000o\000d\000e\000\040\000S\000t\000r\000i\000p\000\040\000C\000h\000a\000m\000b\000e\000r\000s\000\040\000\050\000C\000S\000C\000\051}{section.42}% 34
\BOOKMARK [2][-]{subsection.45}{\376\377\000R\000e\000s\000i\000s\000t\000i\000v\000e\000\040\000P\000l\000a\000t\000e\000\040\000C\000h\000a\000m\000b\000e\000r\000s\000\040\000\050\000R\000P\000C\000\051}{section.42}% 35
\BOOKMARK [2][-]{subsection.46}{\376\377\000M\000a\000t\000e\000r\000i\000a\000l\000\040\000C\000h\000o\000i\000c\000e\000s\000\040\000a\000n\000d\000\040\000P\000e\000r\000f\000o\000r\000m\000a\000n\000c\000e}{section.42}% 36
\BOOKMARK [2][-]{subsection.48}{\376\377\000T\000r\000i\000g\000g\000e\000r\000\040\000a\000n\000d\000\040\000R\000e\000c\000o\000n\000s\000t\000r\000u\000c\000t\000i\000o\000n}{section.42}% 37
\BOOKMARK [2][-]{subsection.49}{\376\377\000L\000e\000v\000e\000l\000-\0001\000\040\000T\000r\000i\000g\000g\000e\000r}{section.42}% 38
\BOOKMARK [2][-]{subsection.50}{\376\377\000H\000i\000g\000h\000-\000L\000e\000v\000e\000l\000\040\000T\000r\000i\000g\000g\000e\000r\000\040\000\050\000H\000L\000T\000\051}{section.42}% 39
\BOOKMARK [1][-]{section.51}{\376\377\000T\000h\000e\000\040\000H\000i\000g\000h\000-\000G\000r\000a\000n\000u\000l\000a\000r\000i\000t\000y\000\040\000C\000a\000l\000o\000r\000i\000m\000e\000t\000e\000r\000\040\000\050\000H\000G\000C\000a\000l\000\051}{chapter.11}% 40
\BOOKMARK [2][-]{subsection.52}{\376\377\000S\000t\000r\000u\000c\000t\000u\000r\000e\000\040\000a\000n\000d\000\040\000C\000o\000m\000p\000o\000n\000e\000n\000t\000s}{section.51}% 41
\BOOKMARK [2][-]{subsection.55}{\376\377\000D\000e\000s\000i\000g\000n\000\040\000a\000n\000d\000\040\000I\000n\000n\000o\000v\000a\000t\000i\000o\000n\000s}{section.51}% 42
\BOOKMARK [2][-]{subsection.56}{\376\377\000P\000e\000r\000f\000o\000r\000m\000a\000n\000c\000e\000\040\000a\000n\000d\000\040\000A\000p\000p\000l\000i\000c\000a\000t\000i\000o\000n\000s}{section.51}% 43
\BOOKMARK [1][-]{section.58}{\376\377\000C\000o\000n\000c\000l\000u\000s\000i\000o\000n}{chapter.11}% 44
\BOOKMARK [0][-]{chapter.59}{\376\377\000D\000a\000t\000a\000s\000e\000t}{}% 45
\BOOKMARK [1][-]{section.60}{\376\377\000G\000e\000a\000n\000t\0004\000\040\000S\000i\000m\000u\000l\000a\000t\000i\000o\000n}{chapter.59}% 46
\BOOKMARK [2][-]{subsection.61}{\376\377\000P\000h\000y\000s\000i\000c\000s\000\040\000P\000r\000o\000c\000e\000s\000s\000e\000s}{section.60}% 47
\BOOKMARK [2][-]{subsection.62}{\376\377\000G\000e\000o\000m\000e\000t\000r\000y\000\040\000a\000n\000d\000\040\000M\000a\000t\000e\000r\000i\000a\000l\000s}{section.60}% 48
\BOOKMARK [2][-]{subsection.63}{\376\377\000A\000p\000p\000l\000i\000c\000a\000t\000i\000o\000n\000s\000\040\000i\000n\000\040\000H\000G\000C\000a\000l\000\040\000D\000e\000v\000e\000l\000o\000p\000m\000e\000n\000t}{section.60}% 49
\BOOKMARK [1][-]{section.65}{\376\377\000T\000h\000e\000\040\000F\000a\000s\000t\000\040\000C\000a\000l\000o\000r\000i\000m\000e\000t\000e\000r\000\040\000S\000i\000m\000u\000l\000a\000t\000i\000o\000n\000\040\000C\000h\000a\000l\000l\000e\000n\000g\000e\000\040\000\050\000C\000a\000l\000o\000C\000h\000a\000l\000l\000e\000n\000g\000e\000\051}{chapter.59}% 50
\BOOKMARK [2][-]{subsection.66}{\376\377\000O\000b\000j\000e\000c\000t\000i\000v\000e\000s}{section.65}% 51
\BOOKMARK [2][-]{subsection.67}{\376\377\000D\000a\000t\000a\000s\000e\000t\000s}{section.65}% 52
\BOOKMARK [2][-]{subsection.71}{\376\377\000D\000a\000t\000a\000\040\000F\000o\000r\000m\000a\000t}{section.65}% 53
\BOOKMARK [2][-]{subsection.72}{\376\377\000E\000v\000a\000l\000u\000a\000t\000i\000o\000n\000\040\000M\000e\000t\000r\000i\000c\000s}{section.65}% 54
\BOOKMARK [2][-]{subsection.73}{\376\377\000C\000o\000m\000m\000u\000n\000i\000t\000y\000\040\000E\000n\000g\000a\000g\000e\000m\000e\000n\000t}{section.65}% 55
\BOOKMARK [0][-]{chapter.74}{\376\377\000A\000l\000g\000o\000r\000i\000t\000h\000m}{}% 56
\BOOKMARK [1][-]{section.75}{\376\377\000S\000c\000o\000r\000e\000-\000b\000a\000s\000e\000d\000\040\000D\000i\000f\000f\000u\000s\000i\000o\000n\000\040\000M\000o\000d\000e\000l}{chapter.74}% 57
\BOOKMARK [2][-]{subsection.76}{\376\377\000D\000e\000n\000o\000i\000s\000i\000n\000g\000\040\000S\000c\000o\000r\000e\000\040\000M\000a\000t\000c\000h\000i\000n\000g\000\040\000w\000i\000t\000h\000\040\000L\000a\000n\000g\000e\000v\000i\000n\000\040\000D\000y\000n\000a\000m\000i\000c\000s\000\040\000\050\000S\000M\000L\000D\000\051}{section.75}% 58
\BOOKMARK [2][-]{subsection.79}{\376\377\000\040\000D\000e\000n\000o\000i\000s\000i\000n\000g\000\040\000D\000i\000f\000f\000u\000s\000i\000o\000n\000\040\000P\000r\000o\000b\000a\000b\000i\000l\000i\000s\000t\000i\000c\000\040\000M\000o\000d\000e\000l\000\040\000\050\000D\000D\000P\000M\000\051}{section.75}% 59
\BOOKMARK [1][-]{section.82}{\376\377\000F\000o\000r\000w\000a\000r\000d\000\040\000P\000r\000o\000c\000e\000s\000s}{chapter.74}% 60
\BOOKMARK [1][-]{section.86}{\376\377\000B\000a\000c\000k\000w\000a\000r\000d\000\040\000P\000r\000o\000c\000e\000s\000s}{chapter.74}% 61
\BOOKMARK [1][-]{section.96}{\376\377\000V\000E\000,\000\040\000V\000P\000\040\000S\000D\000E\000s}{chapter.74}% 62
\BOOKMARK [2][-]{subsection.97}{\376\377\000C\000o\000n\000t\000i\000n\000u\000o\000s\000\040\000F\000o\000r\000w\000a\000r\000d\000\040\000P\000r\000o\000c\000e\000s\000s}{section.96}% 63
\BOOKMARK [2][-]{subsection.107}{\376\377\000C\000o\000n\000t\000i\000n\000u\000o\000s\000\040\000B\000a\000c\000k\000w\000a\000r\000d\000\040\000P\000r\000o\000c\000e\000s\000s\000\040\000-\000\040\000P\000C\000\040\000S\000a\000m\000p\000l\000e\000r}{section.96}% 64
\BOOKMARK [0][-]{chapter.131}{\376\377\000M\000o\000d\000e\000l\000\040\000S\000t\000r\000u\000c\000t\000u\000r\000e}{}% 65
\BOOKMARK [1][-]{section.132}{\376\377\000T\000r\000a\000n\000s\000f\000o\000r\000m\000e\000r}{chapter.131}% 66
\BOOKMARK [2][-]{subsection.133}{\376\377\000I\000n\000t\000r\000o\000d\000u\000c\000t\000i\000o\000n}{section.132}% 67
\BOOKMARK [2][-]{subsection.134}{\376\377\000T\000h\000e\000\040\000E\000v\000o\000l\000u\000t\000i\000o\000n\000\040\000f\000r\000o\000m\000\040\000R\000N\000N\000s\000\040\000t\000o\000\040\000T\000r\000a\000n\000s\000f\000o\000r\000m\000e\000r\000s}{section.132}% 68
\BOOKMARK [2][-]{subsection.136}{\376\377\000T\000y\000p\000e\000s\000\040\000a\000n\000d\000\040\000S\000t\000r\000u\000c\000t\000u\000r\000e\000\040\000o\000f\000\040\000T\000r\000a\000n\000s\000f\000o\000r\000m\000e\000r\000\040\000A\000r\000c\000h\000i\000t\000e\000c\000t\000u\000r\000e\000s}{section.132}% 69
\BOOKMARK [2][-]{subsection.138}{\376\377\000C\000h\000o\000o\000s\000i\000n\000g\000\040\000a\000n\000\040\000E\000n\000c\000o\000d\000e\000r\000-\000O\000n\000l\000y\000\040\000M\000o\000d\000e\000l\000\040\000f\000o\000r\000\040\000D\000e\000t\000e\000c\000t\000o\000r\000\040\000S\000i\000m\000u\000l\000a\000t\000i\000o\000n}{section.132}% 70
\BOOKMARK [1][-]{section.139}{\376\377\000S\000e\000l\000f\000-\000A\000t\000t\000e\000n\000t\000i\000o\000n\000\040\000M\000e\000c\000h\000a\000n\000i\000s\000m}{chapter.131}% 71
\BOOKMARK [1][-]{section.141}{\376\377\000O\000u\000r\000\040\000M\000o\000d\000e\000l\000\040\000S\000t\000r\000u\000c\000t\000u\000r\000e}{chapter.131}% 72
\BOOKMARK [2][-]{subsection.143}{\376\377\000G\000a\000u\000s\000s\000i\000a\000n\000\040\000F\000o\000u\000r\000i\000e\000r\000\040\000P\000r\000o\000j\000e\000c\000t\000i\000o\000n\000\040\000f\000o\000r\000\040\000T\000e\000m\000p\000o\000r\000a\000l\000\040\000E\000n\000c\000o\000d\000i\000n\000g}{section.141}% 73
\BOOKMARK [2][-]{subsection.145}{\376\377\000M\000e\000a\000n\000-\000F\000i\000e\000l\000d\000\040\000A\000t\000t\000e\000n\000t\000i\000o\000n\000\040\000i\000n\000\040\000D\000e\000t\000e\000c\000t\000o\000r\000\040\000S\000i\000m\000u\000l\000a\000t\000i\000o\000n}{section.141}% 74
\BOOKMARK [2][-]{subsection.147}{\376\377\000P\000a\000r\000a\000m\000e\000t\000e\000r\000\040\000T\000u\000n\000i\000n\000g}{section.141}% 75
\BOOKMARK [1][-]{section.148}{\376\377\000C\000o\000n\000c\000l\000u\000s\000i\000o\000n}{chapter.131}% 76
\BOOKMARK [0][-]{chapter.149}{\376\377\000S\000t\000r\000a\000t\000e\000g\000i\000e\000s\000\040\000a\000n\000d\000\040\000R\000e\000s\000u\000l\000t\000s}{}% 77
\BOOKMARK [1][-]{section.150}{\376\377\000D\000a\000t\000a\000\040\000P\000r\000e\000p\000r\000o\000c\000e\000s\000s\000i\000n\000g}{chapter.149}% 78
\BOOKMARK [2][-]{subsection.151}{\376\377\000B\000u\000c\000k\000e\000t\000i\000n\000g}{section.150}% 79
\BOOKMARK [2][-]{subsection.152}{\376\377\000P\000r\000e\000p\000r\000o\000c\000e\000s\000s\000o\000r}{section.150}% 80
\BOOKMARK [1][-]{section.159}{\376\377\000M\000e\000t\000r\000i\000c\000s}{chapter.149}% 81
\BOOKMARK [2][-]{subsection.160}{\376\377\000F\000I\000D\000\040\000S\000c\000o\000r\000e}{section.159}% 82
\BOOKMARK [2][-]{subsection.163}{\376\377\000C\000l\000a\000s\000s\000i\000f\000i\000e\000r}{section.159}% 83
\BOOKMARK [1][-]{section.164}{\376\377\000V\000E\000\040\000a\000n\000d\000\040\000V\000P\000\040\000S\000t\000u\000d\000i\000e\000s}{chapter.149}% 84
\BOOKMARK [1][-]{section.171}{\376\377\000m\000a\000x\000\040\000a\000n\000d\000\040\000m\000i\000n\000\040\000S\000t\000u\000d\000i\000e\000s}{chapter.149}% 85
\BOOKMARK [2][-]{subsection.172}{\376\377\000T\000h\000e\000\040\000R\000o\000l\000e\000\040\000o\000f\000\040\000m\000a\000x\000\040\000a\000n\000d\000\040\000m\000i\000n}{section.171}% 86
\BOOKMARK [2][-]{subsection.177}{\376\377\000C\000o\000n\000c\000l\000u\000s\000i\000o\000n\000s}{section.171}% 87
\BOOKMARK [1][-]{section.178}{\376\377\000O\000v\000e\000r\000a\000l\000l\000\040\000P\000a\000r\000a\000m\000e\000t\000e\000r\000\040\000S\000w\000e\000e\000p\000i\000n\000g}{chapter.149}% 88
\BOOKMARK [1][-]{section.180}{\376\377\000C\000e\000n\000t\000r\000a\000l\000i\000z\000a\000t\000i\000o\000n}{chapter.149}% 89
\BOOKMARK [1][-]{section.185}{\376\377\000C\000o\000n\000d\000i\000t\000i\000o\000n\000i\000n\000g\000\040\000I\000s\000s\000u\000e}{chapter.149}% 90
\BOOKMARK [2][-]{subsection.186}{\376\377\000I\000n\000c\000i\000d\000e\000n\000t\000\040\000e\000n\000e\000r\000g\000y}{section.185}% 91
\BOOKMARK [2][-]{subsection.190}{\376\377\000T\000i\000m\000e}{section.185}% 92
\BOOKMARK [1][-]{section.192}{\376\377\000C\000o\000n\000c\000l\000u\000s\000i\000o\000n}{chapter.149}% 93
\BOOKMARK [0][-]{chapter.193}{\376\377\000F\000u\000t\000u\000r\000e\000\040\000G\000o\000a\000l\000s}{}% 94
\BOOKMARK [1][-]{section.194}{\376\377\000F\000u\000r\000t\000h\000e\000r\000\040\000A\000c\000c\000e\000l\000e\000r\000a\000t\000i\000o\000n\000\040\000o\000f\000\040\000t\000h\000e\000\040\000M\000o\000d\000e\000l}{chapter.193}% 95
\BOOKMARK [1][-]{section.195}{\376\377\000L\000a\000y\000e\000r\000\040\000R\000e\000l\000a\000t\000i\000o\000n\000s\000h\000i\000p\000\040\000L\000e\000a\000r\000n\000i\000n\000g\000\040\000a\000n\000d\000\040\000T\000r\000a\000c\000k\000i\000n\000g}{chapter.193}% 96
\BOOKMARK [0][-]{appendix.196}{\376\377\000F\000i\000g\000u\000r\000e\000s}{}% 97
\BOOKMARK [1][-]{section.197}{\376\377\000B\000e\000s\000t\000\040\000R\000e\000s\000u\000l\000t\000\040\000f\000o\000r\000\040\000F\000u\000l\000l\000\040\000D\000a\000t\000a\000s\000e\000t}{appendix.196}% 98
\BOOKMARK [1][-]{section.199}{\376\377\000B\000e\000s\000t\000\040\000R\000e\000s\000u\000l\000t\000\040\000f\000o\000r\000\040\000S\000i\000n\000g\000l\000e\000\040\000B\000u\000c\000k\000e\000t\000\040\000D\000a\000t\000a}{appendix.196}% 99
\BOOKMARK [1][-]{section.201}{\376\377\000R\000e\000s\000u\000l\000t\000\040\000f\000o\000r\000\040\000u\000s\000i\000n\000g\000\040\000d\000i\000f\000f\000e\000r\000e\000n\000t\000\040\000P\000r\000e\000p\000r\000o\000c\000e\000s\000s\000o\000r}{appendix.196}% 100
\BOOKMARK [1][-]{section.205}{\376\377\000R\000e\000s\000u\000l\000t\000\040\000f\000o\000r\000\040\000u\000s\000i\000n\000g\000\040\000d\000i\000f\000f\000e\000r\000e\000n\000t\000\040\000S\000D\000E\000\040\000s\000e\000t\000t\000i\000n\000g\000s}{appendix.196}% 101
\BOOKMARK [0][-]{appendix.220}{\376\377\000T\000o\000p\000F\000C\000N\000H}{}% 102
\BOOKMARK [1][-]{section.221}{\376\377\000I\000n\000t\000r\000o\000d\000u\000c\000t\000i\000o\000n}{appendix.220}% 103
\BOOKMARK [1][-]{section.222}{\376\377\000B\000a\000c\000k\000g\000r\000o\000u\000n\000d}{appendix.220}% 104
\BOOKMARK [1][-]{section.225}{\376\377\000A\000n\000a\000l\000y\000s\000i\000s\000\040\000T\000o\000o\000l}{appendix.220}% 105
\BOOKMARK [1][-]{section.227}{\376\377\000W\000o\000r\000k\000f\000l\000o\000w}{appendix.220}% 106
\BOOKMARK [2][-]{subsection.228}{\376\377\000D\000a\000t\000a\000-\000M\000C\000\040\000S\000a\000m\000p\000l\000e\000s\000\040\000C\000o\000m\000p\000a\000r\000i\000s\000o\000n\000\040\000\046\000\040\000T\000o\000p\000\040\000R\000e\000c\000o\000n\000s\000t\000r\000u\000c\000t\000i\000o\000n}{section.227}% 107
\BOOKMARK [2][-]{subsection.229}{\376\377\000S\000i\000g\000n\000a\000l\000-\000B\000a\000c\000k\000g\000r\000o\000u\000n\000d\000\040\000S\000e\000p\000a\000r\000a\000t\000i\000o\000n\000\040\000\046\000\040\000S\000i\000g\000n\000a\000l\000\040\000R\000e\000g\000i\000o\000n\000\040\000O\000p\000t\000i\000m\000i\000z\000a\000t\000i\000o\000n}{section.227}% 108
\BOOKMARK [2][-]{subsection.230}{\376\377\000S\000t\000a\000t\000i\000s\000t\000i\000c\000a\000l\000\040\000A\000n\000a\000l\000y\000s\000i\000s}{section.227}% 109
\BOOKMARK [2][-]{subsection.231}{\376\377\000S\000u\000m\000m\000a\000r\000y\000\040\000o\000f\000\040\000t\000h\000e\000\040\000W\000o\000r\000k\000f\000l\000o\000w}{section.227}% 110
\BOOKMARK [1][-]{section.233}{\376\377\000G\000r\000i\000d\000p\000a\000c\000k\000\040\000G\000e\000n\000e\000r\000a\000t\000i\000o\000n}{appendix.220}% 111
\BOOKMARK [1][-]{section.234}{\376\377\000C\000u\000r\000r\000e\000n\000t\000\040\000S\000t\000a\000t\000u\000s}{appendix.220}% 112
\BOOKMARK [0][-]{appendix*.236}{\376\377\000B\000i\000b\000l\000i\000o\000g\000r\000a\000p\000h\000y}{}% 113
